<?xml version="1.0" encoding="UTF-8"?>
<!-- Generated by org.testng.reporters.JUnitReportReporter -->
<testsuite hostname="Home" failures="0" tests="1" name="com.testLayer.Sample" time="64.280" errors="0" timestamp="2024-01-20T23:01:35 IST" skipped="0">
  <testcase classname="com.testLayer.Sample" name="launch" time="64.280"/>
</testsuite> <!-- com.testLayer.Sample -->
